<?xml version="1.0" encoding="UTF-8"?>
<testsuite xmlns:xsi="http://www.w3.org/2001/XMLSchema-instance" xsi:noNamespaceSchemaLocation="https://maven.apache.org/surefire/maven-surefire-plugin/xsd/surefire-test-report.xsd" name="TestHelloServlet" time="0.192" tests="3" errors="2" skipped="0" failures="1">
  <properties>
[...]
</properties>
  <testcase name="servlet_should_not_greet_the_user_if_the_name_is_empty" classname="TestHelloServlet" time="0.128">
    <error type="java.lang.NullPointerException">java.lang.NullPointerException
	at TestHelloServlet.servlet_should_not_greet_the_user_if_the_name_is_empty(TestHelloServlet.java:33)
</error>
  </testcase>
  <testcase name="servlet_should_not_greet_the_user_if_the_name_is_null" classname="TestHelloServlet" time="0">
    <error type="java.lang.NullPointerException">java.lang.NullPointerException
	at TestHelloServlet.servlet_should_not_greet_the_user_if_the_name_is_null(TestHelloServlet.java:20)
</error>
  </testcase>
  <testcase name="servlet_should_greet_the_user_when_the_name_is_provided" classname="TestHelloServlet" time="0.017">
    <failure message="&#10;Argument(s) are different! Wanted:&#10;printWriter.println(&quot;&lt;h1&gt;Hello filip&lt;h1&gt;&quot;);&#10;-&gt; at TestHelloServlet.servlet_should_greet_the_user_when_the_name_is_provided(TestHelloServlet.java:49)&#10;Actual invocation has different arguments:&#10;printWriter.println(&quot;&lt;h1&gt;Hello filip&lt;/h1&gt;&quot;);&#10;-&gt; at servlets.HelloServlet.doPost(HelloServlet.java:27)&#10;" type="org.mockito.exceptions.verification.junit.ArgumentsAreDifferent"><![CDATA[org.mockito.exceptions.verification.junit.ArgumentsAreDifferent: 

Argument(s) are different! Wanted:
printWriter.println("<h1>Hello filip<h1>");
-> at TestHelloServlet.servlet_should_greet_the_user_when_the_name_is_provided(TestHelloServlet.java:49)
Actual invocation has different arguments:
printWriter.println("<h1>Hello filip</h1>");
-> at servlets.HelloServlet.doPost(HelloServlet.java:27)

	at TestHelloServlet.servlet_should_greet_the_user_when_the_name_is_provided(TestHelloServlet.java:49)
]]></failure>
  </testcase>
</testsuite>