<?xml version="1.0" encoding="UTF-8"?>
<testsuite xmlns:xsi="http://www.w3.org/2001/XMLSchema-instance" xsi:noNamespaceSchemaLocation="https://maven.apache.org/surefire/maven-surefire-plugin/xsd/surefire-test-report.xsd" name="TestHarmonogramServlet" time="0.259" tests="3" errors="3" skipped="0" failures="0">
  <properties>
[...]
</properties>
  <testcase name="servlet_should_not_greet_the_user_if_the_kwotaKredytu_is_null" classname="TestHarmonogramServlet" time="0.159">
    <error type="java.lang.NullPointerException">java.lang.NullPointerException
	at TestHarmonogramServlet.servlet_should_not_greet_the_user_if_the_kwotaKredytu_is_null(TestHarmonogramServlet.java:21)
</error>
  </testcase>
  <testcase name="servlet_should_greet_the_user_when_the_name_is_provided" classname="TestHarmonogramServlet" time="0.001">
    <error message="For input string: &quot;Passed&quot;" type="java.lang.NumberFormatException">java.lang.NumberFormatException: For input string: "Passed"
	at TestHarmonogramServlet.servlet_should_greet_the_user_when_the_name_is_provided(TestHarmonogramServlet.java:48)
</error>
  </testcase>
  <testcase name="servlet_should_not_greet_the_user_if_the_kwotaKredytu_is_empty" classname="TestHarmonogramServlet" time="0">
    <error message="empty String" type="java.lang.NumberFormatException">java.lang.NumberFormatException: empty String
	at TestHarmonogramServlet.servlet_should_not_greet_the_user_if_the_kwotaKredytu_is_empty(TestHarmonogramServlet.java:34)
</error>
  </testcase>
</testsuite>